<?xml version="1.0" encoding="UTF-8"?>
<!-- Generated by org.testng.reporters.JUnitReportReporter -->
<testsuite skipped="0" hostname="xyz-PC" name="com.inetbanking.testCases.TC_LoginTest_001" tests="1" failures="0" timestamp="09 Jun 2021 05:10:29 GMT" time="2.794" errors="0">
  <testcase name="loginTest" time="2.794" classname="com.inetbanking.testCases.TC_LoginTest_001"/>
</testsuite> <!-- com.inetbanking.testCases.TC_LoginTest_001 -->
