<?xml version="1.0" encoding="UTF-8"?>
<!-- Generated by org.testng.reporters.JUnitReportReporter -->
<testsuite skipped="0" hostname="xyz-PC" name="com.inetbanking.testCases.TC_LoginTest_001" tests="1" failures="0" timestamp="13 Jun 2021 07:24:19 GMT" time="7.681" errors="0">
  <testcase name="loginTest" time="7.681" classname="com.inetbanking.testCases.TC_LoginTest_001"/>
</testsuite> <!-- com.inetbanking.testCases.TC_LoginTest_001 -->
